0 info it worked if it ends with ok
1 verbose cli [
1 verbose cli   'C:\\Program Files\\nodejs\\node.exe',
1 verbose cli   'C:\\Program Files\\nodejs\\node_modules\\npm\\bin\\npm-cli.js',
1 verbose cli   'start'
1 verbose cli ]
2 info using npm@6.13.4
3 info using node@v12.15.0
4 verbose run-script [ 'prestart', 'start', 'poststart' ]
5 info lifecycle trivia-project@0.0.0~prestart: trivia-project@0.0.0
6 info lifecycle trivia-project@0.0.0~start: trivia-project@0.0.0
7 verbose lifecycle trivia-project@0.0.0~start: unsafe-perm in lifecycle true
8 verbose lifecycle trivia-project@0.0.0~start: PATH: C:\Program Files\nodejs\node_modules\npm\node_modules\npm-lifecycle\node-gyp-bin;E:\Node JS Projects\Trivia Project\node_modules\.bin;C:\Program Files (x86)\Common Files\Oracle\Java\javapath;C:\Windows\system32;C:\Windows;C:\Windows\System32\Wbem;C:\Windows\System32\WindowsPowerShell\v1.0\;C:\Program Files\dotnet\;C:\Program Files\Microsoft SQL Server\130\Tools\Binn\;C:\Program Files\Microsoft SQL Server\Client SDK\ODBC\170\Tools\Binn\;C:\Program Files (x86)\Microsoft SQL Server\110\Tools\Binn\;C:\Program Files\Microsoft SQL Server\110\Tools\Binn\;C:\Program Files\Microsoft SQL Server\110\DTS\Binn\;C:\Program Files (x86)\Microsoft SQL Server\110\Tools\Binn\ManagementStudio\;C:\Program Files (x86)\Microsoft SQL Server\110\DTS\Binn\;E:\Program Files (x86)\Git\cmd;E:\Program Files (x86)\Git\mingw64\bin;E:\Program Files (x86)\Git\usr\bin;C:\Program Files\nodejs\;C:\Program Files (x86)\GtkSharp\2.12\bin;C:\ProgramData\chocolatey\bin;C:\Program Files\Java\jdk1.8.0_211\bin;C:\Users\Ameen Tahseen\AppData\Roaming\npm
9 verbose lifecycle trivia-project@0.0.0~start: CWD: E:\Node JS Projects\Trivia Project
10 silly lifecycle trivia-project@0.0.0~start: Args: [ '/d /s /c', 'node ./bin/www' ]
11 silly lifecycle trivia-project@0.0.0~start: Returned: code: 1  signal: null
12 info lifecycle trivia-project@0.0.0~start: Failed to exec start script
13 verbose stack Error: trivia-project@0.0.0 start: `node ./bin/www`
13 verbose stack Exit status 1
13 verbose stack     at EventEmitter.<anonymous> (C:\Program Files\nodejs\node_modules\npm\node_modules\npm-lifecycle\index.js:332:16)
13 verbose stack     at EventEmitter.emit (events.js:223:5)
13 verbose stack     at ChildProcess.<anonymous> (C:\Program Files\nodejs\node_modules\npm\node_modules\npm-lifecycle\lib\spawn.js:55:14)
13 verbose stack     at ChildProcess.emit (events.js:223:5)
13 verbose stack     at maybeClose (internal/child_process.js:1021:16)
13 verbose stack     at Process.ChildProcess._handle.onexit (internal/child_process.js:283:5)
14 verbose pkgid trivia-project@0.0.0
15 verbose cwd E:\Node JS Projects\Trivia Project
16 verbose Windows_NT 6.3.9600
17 verbose argv "C:\\Program Files\\nodejs\\node.exe" "C:\\Program Files\\nodejs\\node_modules\\npm\\bin\\npm-cli.js" "start"
18 verbose node v12.15.0
19 verbose npm  v6.13.4
20 error code ELIFECYCLE
21 error errno 1
22 error trivia-project@0.0.0 start: `node ./bin/www`
22 error Exit status 1
23 error Failed at the trivia-project@0.0.0 start script.
23 error This is probably not a problem with npm. There is likely additional logging output above.
24 verbose exit [ 1, true ]
